<?xml version="1.0" encoding="UTF-8"?>
<!-- Generated by org.testng.reporters.JUnitReportReporter -->
<testsuite hostname="Nandini" failures="0" tests="1" name="com.acti.base.DriverScript1" time="6.639" errors="0" timestamp="2023-06-26T22:09:36 EDT" skipped="0">
  <testcase classname="com.acti.base.DriverScript1" name="intiApplication" time="6.639"/>
</testsuite> <!-- com.acti.base.DriverScript1 -->
