<?xml version="1.0" encoding="UTF-8"?>
<!-- Generated by org.testng.reporters.JUnitReportReporter -->
<testsuite hostname="Nandini" failures="0" tests="1" name="com.acti.base.DriverScript" time="5.771" errors="0" timestamp="2023-06-28T22:20:24 EDT" skipped="0">
  <testcase classname="com.acti.base.DriverScript" name="intiApplication" time="5.771"/>
</testsuite> <!-- com.acti.base.DriverScript -->
