<?xml version="1.0" encoding="UTF-8"?>
<!-- Generated by org.testng.reporters.JUnitReportReporter -->
<testsuite hostname="Nandini" failures="0" tests="1" name="com.acti.testcase.BaseTest" time="7.529" errors="0" timestamp="2023-06-28T22:19:39 EDT" skipped="0">
  <testcase classname="com.acti.testcase.BaseTest" name="intiApplication" time="7.529"/>
</testsuite> <!-- com.acti.testcase.BaseTest -->
