<?xml version="1.0" encoding="UTF-8"?>
<!-- Generated by org.testng.reporters.JUnitReportReporter -->
<testsuite hostname="Nandini" failures="0" tests="1" name="com.acti.page.EnterPage" time="3.983" errors="0" timestamp="2023-06-28T22:19:12 EDT" skipped="0">
  <testcase classname="com.acti.page.EnterPage" name="intiApplication" time="3.983"/>
</testsuite> <!-- com.acti.page.EnterPage -->
