<?xml version="1.0" encoding="UTF-8"?>
<!-- Generated by org.testng.reporters.JUnitReportReporter -->
<testsuite hostname="Nandini" failures="0" tests="1" name="com.acti.page.LoginPage" time="5.379" errors="0" timestamp="2023-06-28T22:20:00 EDT" skipped="0">
  <testcase classname="com.acti.page.LoginPage" name="intiApplication" time="5.379"/>
</testsuite> <!-- com.acti.page.LoginPage -->
